# Deleting old work library...
# ** Warning: (vdel-134) Unable to remove locked optimized design "_opt1".  Locker is ajnev@NEVGI.
# Error 133: Unable to remove directory "C:/Users/ajnev/OneDrive/Desktop/uart-fpga-subsystem/sim/questa/work/@_opt".
# Error 133: Unable to remove directory "C:/Users/ajnev/OneDrive/Desktop/uart-fpga-subsystem/sim/questa/work/_temp".
# Error 133: Unable to remove directory "C:/Users/ajnev/OneDrive/Desktop/uart-fpga-subsystem/sim/questa/work/_tempmsg".
# Creating work library...
# ** Warning: (vlib-34) Library already exists at "work".
# QuestaSim-64 vmap 10.7c Lib Mapping Utility 2018.08 Aug 18 2018
# vmap work work 
# Modifying modelsim.ini
# Compiling RTL files...
# QuestaSim-64 vlog 10.7c Compiler 2018.08 Aug 18 2018
# Start time: 02:16:19 on May 04,2026
# vlog -reportprogress 300 -sv -work work -f ../../filelists/rtl.f 
# -- Compiling package uart_pkg
# -- Compiling module baud_gen
# -- Compiling package uart_tx_sv_unit
# -- Importing package uart_pkg
# -- Compiling module uart_tx
# -- Compiling package uart_rx_sv_unit
# -- Importing package uart_pkg
# -- Compiling module uart_rx
# -- Compiling module sync_fifo
# -- Compiling package uart_fifo_subsystem_sv_unit
# -- Importing package uart_pkg
# -- Compiling module uart_fifo_subsystem
# -- Compiling package uart_regs_sv_unit
# -- Importing package uart_pkg
# -- Compiling module uart_regs
# -- Compiling package uart_top_sv_unit
# -- Importing package uart_pkg
# -- Compiling module uart_top
# 
# Top level modules:
# 	uart_top
# End time: 02:16:20 on May 04,2026, Elapsed time: 0:00:01
# Errors: 0, Warnings: 0
# Compiling TB files...
# QuestaSim-64 vlog 10.7c Compiler 2018.08 Aug 18 2018
# Start time: 02:16:20 on May 04,2026
# vlog -reportprogress 300 -sv -work work -f ../../filelists/tb.f 
# -- Compiling module uart_assertions
# -- Compiling module uart_coverage
# -- Compiling package tb_uart_top_sv_unit
# -- Importing package uart_pkg
# -- Compiling module tb_uart_top
# -- Compiling package tb_uart_loopback_sv_unit
# -- Importing package uart_pkg
# -- Compiling module tb_uart_loopback
# 
# Top level modules:
# 	tb_uart_top
# 	tb_uart_loopback
# End time: 02:16:20 on May 04,2026, Elapsed time: 0:00:00
# Errors: 0, Warnings: 0
# Compilation completed.
# Check ../logs/compile.log for full transcript.
