Copyright 1986-2022 Xilinx, Inc. All Rights Reserved. Copyright 2022-2025 Advanced Micro Devices, Inc. All Rights Reserved.
---------------------------------------------------------------------------------------------------------------------------------------------
| Tool Version : Vivado v.2025.2 (win64) Build 6299465 Fri Nov 14 19:35:11 GMT 2025
| Date         : Mon May  4 02:54:31 2026
| Host         : Nevgi running 64-bit major release  (build 9200)
| Command      : report_clocks -file C:/Users/ajnev/OneDrive/Desktop/uart-fpga-subsystem/fpga/reports/phase8_synth_clocks.rpt
| Design       : uart_top
| Device       : 7a35t-cpg236
| Speed File   : -1  PRODUCTION 1.23 2018-06-13
| Design State : Synthesized
---------------------------------------------------------------------------------------------------------------------------------------------

Clock Report


Attributes
  P: Propagated
  G: Generated
  A: Auto-derived
  R: Renamed
  V: Virtual
  I: Inverted
  S: Pin phase-shifted with Latency mode

Clock    Period(ns)  Waveform(ns)   Attributes  Sources
sys_clk  10.000      {0.000 5.000}  P           {clk}


====================================================
Generated Clocks
====================================================



====================================================
User Uncertainty
====================================================



====================================================
User Jitter
====================================================


